
/home/runner/work/exp-energy-band-gap-of-a-semiconductor-iitb/exp-energy-band-gap-of-a-semiconductor-iitb/experiment/simulation/js/activity1.js
    8:14   warning  'Pannel' is not defined                                no-undef
   14:10   warning  'start_act1' is defined but never used                 no-unused-vars
   21:10   warning  'move_to_activity3' is defined but never used          no-unused-vars
   24:5    warning  'activity4' is not defined                             no-undef
   33:5    warning  'global_score' is assigned a value but never used      no-unused-vars
   34:5    warning  'a1_panel' is defined but never used                   no-unused-vars
   35:5    warning  'all_text_content' is assigned a value but never used  no-unused-vars
   36:5    warning  'canvas_box_scale' is already defined                  no-redeclare
   36:5    warning  'canvas_box_scale' is assigned a value but never used  no-unused-vars
   39:5    warning  'a1_scene' is defined but never used                   no-unused-vars
   46:5    warning  'display_score' is defined but never used              no-unused-vars
   47:5    warning  'timer1' is assigned a value but never used            no-unused-vars
   62:17   warning  'Scene' is not defined                                 no-undef
   67:27   warning  'bootstrap' is not defined                             no-undef
  105:18   warning  'Chemistry' is not defined                             no-undef
  105:42   warning  'dc_power_supply' is not defined                       no-undef
  105:63   warning  'Chemistry' is not defined                             no-undef
  108:9    warning  'sq' is already defined                                no-redeclare
  108:18   warning  'Chemistry' is not defined                             no-undef
  108:42   warning  'voltmeter' is not defined                             no-undef
  108:57   warning  'Chemistry' is not defined                             no-undef
  111:9    warning  'sq' is already defined                                no-redeclare
  111:18   warning  'Chemistry' is not defined                             no-undef
  111:42   warning  'diode' is not defined                                 no-undef
  111:53   warning  'Chemistry' is not defined                             no-undef
  114:9    warning  'sq' is already defined                                no-redeclare
  114:18   warning  'Chemistry' is not defined                             no-undef
  114:42   warning  'heater' is not defined                                no-undef
  114:54   warning  'Chemistry' is not defined                             no-undef
  117:9    warning  'sq' is already defined                                no-redeclare
  117:18   warning  'Chemistry' is not defined                             no-undef
  117:42   warning  'thermometer' is not defined                           no-undef
  117:59   warning  'Chemistry' is not defined                             no-undef
  120:9    warning  'sq' is already defined                                no-redeclare
  120:18   warning  'Chemistry' is not defined                             no-undef
  120:42   warning  'ammeter' is not defined                               no-undef
  120:55   warning  'Chemistry' is not defined                             no-undef
  149:25   warning  'Chemistry' is not defined                             no-undef
  149:50   warning  'Chemistry' is not defined                             no-undef
  160:10   warning  'dc_power_supply' is not defined                       no-undef
  160:27   warning  'dc_power_supply' is not defined                       no-undef
  161:10   warning  'voltmeter' is not defined                             no-undef
  161:21   warning  'voltmeter' is not defined                             no-undef
  162:10   warning  'diode' is not defined                                 no-undef
  162:17   warning  'diode' is not defined                                 no-undef
  163:10   warning  'heater' is not defined                                no-undef
  163:18   warning  'heater' is not defined                                no-undef
  164:10   warning  'thermometer' is not defined                           no-undef
  164:23   warning  'thermometer' is not defined                           no-undef
  165:10   warning  'ammeter' is not defined                               no-undef
  165:19   warning  'ammeter' is not defined                               no-undef
  168:13   warning  'Chemistry' is not defined                             no-undef
  168:51   warning  'Chemistry' is not defined                             no-undef
  169:13   warning  'Chemistry' is not defined                             no-undef
  169:45   warning  'Chemistry' is not defined                             no-undef
  170:13   warning  'Chemistry' is not defined                             no-undef
  170:41   warning  'Chemistry' is not defined                             no-undef
  171:13   warning  'Chemistry' is not defined                             no-undef
  171:42   warning  'Chemistry' is not defined                             no-undef
  172:13   warning  'Chemistry' is not defined                             no-undef
  172:47   warning  'Chemistry' is not defined                             no-undef
  173:13   warning  'Chemistry' is not defined                             no-undef
  173:44   warning  'Chemistry' is not defined                             no-undef
  178:12   warning  Unexpected constant condition                          no-constant-condition
  200:49   warning  'Chemistry' is not defined                             no-undef
  203:39   warning  'bootstrap' is not defined                             no-undef
  235:30   warning  'Chemistry' is not defined                             no-undef
  235:73   warning  'Chemistry' is not defined                             no-undef
  263:13   warning  'bsOffcanvas' is already defined                       no-redeclare
  263:31   warning  'bootstrap' is not defined                             no-undef
  265:30   warning  'Chemistry' is not defined                             no-undef
  265:118  warning  'Chemistry' is not defined                             no-undef
  308:24   warning  'activity4' is not defined                             no-undef

/home/runner/work/exp-energy-band-gap-of-a-semiconductor-iitb/exp-energy-band-gap-of-a-semiconductor-iitb/experiment/simulation/js/activity4.js
    1:5   warning  'std_band_gap' is assigned a value but never used  no-unused-vars
    4:10  warning  'activity4' is defined but never used              no-unused-vars
    5:5   warning  'pp' is not defined                                no-undef
    6:5   warning  'pp' is not defined                                no-undef
    7:5   warning  'pp' is not defined                                no-undef
    8:5   warning  'pp' is not defined                                no-undef
   50:5   warning  'pp' is not defined                                no-undef
   56:25  warning  'energy_band' is not defined                       no-undef
   57:46  warning  'energy_band' is not defined                       no-undef
   57:74  warning  'energy_band' is not defined                       no-undef
   64:5   warning  'pp' is not defined                                no-undef
   68:10  warning  'select_data' is defined but never used            no-unused-vars
   71:5   warning  'material' is not defined                          no-undef
   72:5   warning  'selected_voltage' is not defined                  no-undef
   73:25  warning  'energy_band' is not defined                       no-undef
   74:13  warning  'energy_band' is not defined                       no-undef
   74:36  warning  'material' is not defined                          no-undef
   75:13  warning  'T' is not defined                                 no-undef
   75:17  warning  'energy_band' is not defined                       no-undef
   76:13  warning  'IS' is not defined                                no-undef
   76:18  warning  'energy_band' is not defined                       no-undef
   76:39  warning  'selected_voltage' is not defined                  no-undef
   77:28  warning  'energy_band' is not defined                       no-undef
   81:25  warning  'IS' is not defined                                no-undef
   82:9   warning  'IS' is not defined                                no-undef
   82:28  warning  'std_deviation' is not defined                     no-undef
   82:42  warning  'IS' is not defined                                no-undef
   84:5   warning  'IS' is not defined                                no-undef
   87:25  warning  'T' is not defined                                 no-undef
   88:23  warning  'IS' is not defined                                no-undef
   89:9   warning  'material' is not defined                          no-undef
   89:27  warning  'selected_voltage' is not defined                  no-undef
   90:9   warning  'show_panel' is not defined                        no-undef
   93:10  warning  'load_page_2' is defined but never used            no-unused-vars
   94:9   warning  'material' is not defined                          no-undef
   94:27  warning  'selected_voltage' is not defined                  no-undef
   99:5   warning  'hide_panel' is not defined                        no-undef
  100:5   warning  'pp' is not defined                                no-undef
  104:21  warning  'Table' is not defined                             no-undef
  105:5   warning  'pp' is not defined                                no-undef
  107:27  warning  'IS' is not defined                                no-undef
  108:26  warning  'T' is not defined                                 no-undef
  110:10  warning  'act4_verify_pg2' is defined but never used        no-unused-vars
  113:10  warning  'verify_values' is not defined                     no-undef
  113:48  warning  'T' is not defined                                 no-undef
  117:10  warning  'verify_values' is not defined                     no-undef
  117:48  warning  'IS' is not defined                                no-undef
  122:5   warning  'activity5' is not defined                         no-undef

/home/runner/work/exp-energy-band-gap-of-a-semiconductor-iitb/exp-energy-band-gap-of-a-semiconductor-iitb/experiment/simulation/js/activity5.js
   4:10  warning  'activity5' is defined but never used          no-unused-vars
   5:5   warning  'pp' is not defined                            no-undef
  16:25  warning  'T' is not defined                             no-undef
  19:18  warning  'T' is not defined                             no-undef
  20:18  warning  'IS' is not defined                            no-undef
  21:24  warning  'T' is not defined                             no-undef
  23:29  warning  'IS' is not defined                            no-undef
  24:9   warning  'main_table_data' is not defined               no-undef
  26:17  warning  'main_table_data' is not defined               no-undef
  28:10  warning  'verify_main_table' is defined but never used  no-unused-vars
  32:10  warning  'verify_values' is not defined                 no-undef
  32:48  warning  'main_table_data' is not defined               no-undef
  36:10  warning  'verify_values' is not defined                 no-undef
  36:48  warning  'main_table_data' is not defined               no-undef
  40:10  warning  'verify_values' is not defined                 no-undef
  40:48  warning  'main_table_data' is not defined               no-undef
  49:5   warning  'pp' is not defined                            no-undef
  51:25  warning  'main_table_data' is not defined               no-undef
  53:19  warning  'main_table_data' is not defined               no-undef
  54:19  warning  'main_table_data' is not defined               no-undef
  55:19  warning  'main_table_data' is not defined               no-undef
  56:19  warning  'main_table_data' is not defined               no-undef
  57:19  warning  'main_table_data' is not defined               no-undef
  58:19  warning  'main_table_data' is not defined               no-undef
  61:21  warning  'Table' is not defined                         no-undef
  62:5   warning  'pp' is not defined                            no-undef
  64:5   warning  'pp' is not defined                            no-undef
  65:5   warning  'pp' is not defined                            no-undef

/home/runner/work/exp-energy-band-gap-of-a-semiconductor-iitb/exp-energy-band-gap-of-a-semiconductor-iitb/experiment/simulation/js/activity6.js
   26:11  warning  'T' is not defined                             no-undef
   27:11  warning  'X' is not defined                             no-undef
   46:5   warning  'pp' is not defined                            no-undef
   47:5   warning  'pp' is not defined                            no-undef
   54:5   warning  'pp' is not defined                            no-undef
   55:5   warning  'pp' is not defined                            no-undef
   56:5   warning  'pp' is not defined                            no-undef
   58:5   warning  'pp' is not defined                            no-undef
   59:5   warning  'pp' is not defined                            no-undef
   62:10  warning  'complete_tab1' is defined but never used      no-unused-vars
   67:5   warning  'pp' is not defined                            no-undef
   69:25  warning  'T' is not defined                             no-undef
   87:15  warning  'T' is not defined                             no-undef
   88:15  warning  'X' is not defined                             no-undef
   89:15  warning  'X1' is not defined                            no-undef
   90:15  warning  'X2' is not defined                            no-undef
   97:25  warning  'Y' is not defined                             no-undef
   98:18  warning  'Y' is not defined                             no-undef
   99:19  warning  'X1' is not defined                            no-undef
  100:19  warning  'X2' is not defined                            no-undef
  132:5   warning  'pp' is not defined                            no-undef
  133:5   warning  'pp' is not defined                            no-undef
  135:10  warning  'act6_verify_tab1' is defined but never used   no-unused-vars
  139:10  warning  'verify_values' is not defined                 no-undef
  139:48  warning  'Y' is not defined                             no-undef
  143:10  warning  'verify_values' is not defined                 no-undef
  143:48  warning  'X1' is not defined                            no-undef
  147:10  warning  'verify_values' is not defined                 no-undef
  147:48  warning  'X2' is not defined                            no-undef
  152:5   warning  'pp' is not defined                            no-undef
  153:5   warning  'pp' is not defined                            no-undef
  156:10  warning  'verify_summations' is defined but never used  no-unused-vars
  162:10  warning  'verify_values' is not defined                 no-undef
  166:10  warning  'verify_values' is not defined                 no-undef
  170:10  warning  'verify_values' is not defined                 no-undef
  184:15  warning  'regression_linear_2variable' is not defined   no-undef
  184:43  warning  'X1' is not defined                            no-undef
  184:47  warning  'X2' is not defined                            no-undef
  184:51  warning  'Y' is not defined                             no-undef
  196:5   warning  'pp' is not defined                            no-undef
  197:5   warning  'pp' is not defined                            no-undef

/home/runner/work/exp-energy-band-gap-of-a-semiconductor-iitb/exp-energy-band-gap-of-a-semiconductor-iitb/experiment/simulation/js/activity7.js
    6:10  warning  'draw_chart' is defined but never used        no-unused-vars
    8:5   warning  'pp' is not defined                           no-undef
    9:5   warning  'pp' is not defined                           no-undef
   14:25  warning  'main_table_data' is not defined              no-undef
   15:20  warning  'main_table_data' is not defined              no-undef
   16:19  warning  'main_table_data' is not defined              no-undef
   31:21  warning  'Chart' is not defined                        no-undef
   83:30  warning  'material' is not defined                     no-undef
   92:11  warning  'regression_linear' is not defined            no-undef
   99:5   warning  'pp' is not defined                           no-undef
  139:5   warning  'pp' is not defined                           no-undef
  141:10  warning  'verify_act7' is defined but never used       no-unused-vars
  143:10  warning  'verify_values' is not defined                no-undef
  147:5   warning  'pp' is not defined                           no-undef
  152:56  warning  'material' is not defined                     no-undef
  163:5   warning  'pp' is not defined                           no-undef
  165:10  warning  'verify_band_gap' is defined but never used   no-unused-vars
  167:10  warning  'verify_values' is not defined                no-undef
  171:5   warning  'show_panel' is not defined                   no-undef
  172:5   warning  'pp' is not defined                           no-undef
  176:40  warning  'material' is not defined                     no-undef
  176:81  warning  'std_band_gap' is not defined                 no-undef
  195:10  warning  'compare_band_gap' is defined but never used  no-unused-vars
  197:38  warning  'std_band_gap' is not defined                 no-undef

/home/runner/work/exp-energy-band-gap-of-a-semiconductor-iitb/exp-energy-band-gap-of-a-semiconductor-iitb/experiment/simulation/js/common.js
    1:10  warning  'verify_values' is defined but never used                no-unused-vars
   18:10  warning  'std_deviation' is defined but never used                no-unused-vars
   23:10  warning  'regression_linear' is defined but never used            no-unused-vars
   40:10  warning  'ascending_random_array' is defined but never used       no-unused-vars
   42:12  warning  Unexpected constant condition                            no-constant-condition
   59:10  warning  'regression_linear_2variable' is defined but never used  no-unused-vars
  135:10  warning  'show_panel' is defined but never used                   no-unused-vars
  137:31  warning  'bootstrap' is not defined                               no-undef
  144:10  warning  'hide_panel' is defined but never used                   no-unused-vars

/home/runner/work/exp-energy-band-gap-of-a-semiconductor-iitb/exp-energy-band-gap-of-a-semiconductor-iitb/experiment/simulation/js/data.js
   1:5  warning  'act5_table_data' is assigned a value but never used   no-unused-vars
   7:5  warning  'act4_table_data' is assigned a value but never used   no-unused-vars
  12:5  warning  'main_table_data' is assigned a value but never used   no-unused-vars
  13:5  warning  'energy_band' is assigned a value but never used       no-unused-vars
  33:5  warning  'T' is defined but never used                          no-unused-vars
  34:5  warning  'IS' is defined but never used                         no-unused-vars
  35:5  warning  'material' is assigned a value but never used          no-unused-vars
  36:5  warning  'selected_voltage' is assigned a value but never used  no-unused-vars

/home/runner/work/exp-energy-band-gap-of-a-semiconductor-iitb/exp-energy-band-gap-of-a-semiconductor-iitb/experiment/simulation/js/dummy.js
  2:14  warning  'Pannel' is not defined  no-undef

/home/runner/work/exp-energy-band-gap-of-a-semiconductor-iitb/exp-energy-band-gap-of-a-semiconductor-iitb/experiment/simulation/js/geomerty.js
   33:49   warning  'lscale' is not defined          no-undef
   34:49   warning  'lscale' is not defined          no-undef
   46:23   warning  'pt1' is defined but never used  no-unused-vars
   46:28   warning  'pt2' is defined but never used  no-unused-vars
   46:33   warning  'pt3' is defined but never used  no-unused-vars
   50:24   warning  'geo' is defined but never used  no-unused-vars
   69:44   warning  'lscale' is not defined          no-undef
   69:66   warning  'lscale' is not defined          no-undef
   69:88   warning  'lscale' is not defined          no-undef
   82:48   warning  'lscale' is not defined          no-undef
   83:48   warning  'lscale' is not defined          no-undef
  108:47   warning  'lscale' is not defined          no-undef
  108:69   warning  'lscale' is not defined          no-undef
  109:60   warning  'lscale' is not defined          no-undef
  109:95   warning  'lscale' is not defined          no-undef
  131:39   warning  'lscale' is not defined          no-undef
  131:57   warning  'lscale' is not defined          no-undef
  132:39   warning  'lscale' is not defined          no-undef
  132:57   warning  'lscale' is not defined          no-undef
  181:39   warning  'lscale' is not defined          no-undef
  181:57   warning  'lscale' is not defined          no-undef
  182:39   warning  'lscale' is not defined          no-undef
  182:57   warning  'lscale' is not defined          no-undef
  225:33   warning  'lscale' is not defined          no-undef
  226:33   warning  'lscale' is not defined          no-undef
  274:50   warning  'lscale' is not defined          no-undef
  274:72   warning  'lscale' is not defined          no-undef
  279:61   warning  'lscale' is not defined          no-undef
  279:84   warning  'lscale' is not defined          no-undef
  279:102  warning  'lscale' is not defined          no-undef
  279:120  warning  'lscale' is not defined          no-undef
  293:33   warning  'lscale' is not defined          no-undef
  294:33   warning  'lscale' is not defined          no-undef
  295:41   warning  'lscale' is not defined          no-undef
  295:64   warning  'lscale' is not defined          no-undef
  295:98   warning  'lscale' is not defined          no-undef
  295:121  warning  'lscale' is not defined          no-undef
  296:45   warning  'lscale' is not defined          no-undef
  296:68   warning  'lscale' is not defined          no-undef
  296:102  warning  'lscale' is not defined          no-undef
  296:125  warning  'lscale' is not defined          no-undef
  323:61   warning  'lscale' is not defined          no-undef
  323:90   warning  'lscale' is not defined          no-undef
  324:61   warning  'lscale' is not defined          no-undef
  324:96   warning  'lscale' is not defined          no-undef
  325:66   warning  'lscale' is not defined          no-undef
  325:101  warning  'lscale' is not defined          no-undef
  326:66   warning  'lscale' is not defined          no-undef
  326:100  warning  'lscale' is not defined          no-undef
  327:67   warning  'lscale' is not defined          no-undef
  327:101  warning  'lscale' is not defined          no-undef
  328:67   warning  'lscale' is not defined          no-undef
  328:96   warning  'lscale' is not defined          no-undef
  329:61   warning  'lscale' is not defined          no-undef
  329:90   warning  'lscale' is not defined          no-undef
  346:33   warning  'lscale' is not defined          no-undef
  347:33   warning  'lscale' is not defined          no-undef
  376:46   warning  'lscale' is not defined          no-undef
  382:50   warning  'lscale' is not defined          no-undef
  382:72   warning  'lscale' is not defined          no-undef
  411:52   warning  'lscale' is not defined          no-undef
  411:79   warning  'lscale' is not defined          no-undef
  413:56   warning  'lscale' is not defined          no-undef
  413:83   warning  'lscale' is not defined          no-undef
  450:50   warning  'lscale' is not defined          no-undef
  450:72   warning  'lscale' is not defined          no-undef
  456:61   warning  'lscale' is not defined          no-undef
  456:84   warning  'lscale' is not defined          no-undef
  456:102  warning  'lscale' is not defined          no-undef
  456:120  warning  'lscale' is not defined          no-undef
  470:33   warning  'lscale' is not defined          no-undef
  471:33   warning  'lscale' is not defined          no-undef
  472:41   warning  'lscale' is not defined          no-undef
  472:64   warning  'lscale' is not defined          no-undef
  472:98   warning  'lscale' is not defined          no-undef
  472:121  warning  'lscale' is not defined          no-undef
  473:45   warning  'lscale' is not defined          no-undef
  473:68   warning  'lscale' is not defined          no-undef
  473:102  warning  'lscale' is not defined          no-undef
  473:125  warning  'lscale' is not defined          no-undef
  502:50   warning  'lscale' is not defined          no-undef
  502:72   warning  'lscale' is not defined          no-undef
  507:139  warning  'lscale' is not defined          no-undef
  507:172  warning  'lscale' is not defined          no-undef
  507:205  warning  'lscale' is not defined          no-undef
  507:225  warning  'lscale' is not defined          no-undef
  528:50   warning  'lscale' is not defined          no-undef
  528:72   warning  'lscale' is not defined          no-undef
  533:139  warning  'lscale' is not defined          no-undef
  533:172  warning  'lscale' is not defined          no-undef
  533:205  warning  'lscale' is not defined          no-undef
  533:225  warning  'lscale' is not defined          no-undef
  555:50   warning  'lscale' is not defined          no-undef
  555:72   warning  'lscale' is not defined          no-undef
  560:133  warning  'lscale' is not defined          no-undef
  560:172  warning  'lscale' is not defined          no-undef
  560:205  warning  'lscale' is not defined          no-undef
  560:224  warning  'lscale' is not defined          no-undef
  584:39   warning  'lscale' is not defined          no-undef
  584:53   warning  'lscale' is not defined          no-undef
  585:39   warning  'lscale' is not defined          no-undef
  585:53   warning  'lscale' is not defined          no-undef
  586:39   warning  'lscale' is not defined          no-undef
  586:53   warning  'lscale' is not defined          no-undef
  587:39   warning  'lscale' is not defined          no-undef
  587:53   warning  'lscale' is not defined          no-undef
  594:36   warning  'lscale' is not defined          no-undef
  594:50   warning  'lscale' is not defined          no-undef
  594:63   warning  'lscale' is not defined          no-undef
  605:36   warning  'lscale' is not defined          no-undef
  605:50   warning  'lscale' is not defined          no-undef
  605:63   warning  'lscale' is not defined          no-undef
  632:46   warning  'lscale' is not defined          no-undef
  637:50   warning  'lscale' is not defined          no-undef
  637:72   warning  'lscale' is not defined          no-undef
  659:50   warning  'lscale' is not defined          no-undef
  659:72   warning  'lscale' is not defined          no-undef
  663:46   warning  'lscale' is not defined          no-undef
  664:46   warning  'lscale' is not defined          no-undef
  664:67   warning  'lscale' is not defined          no-undef
  665:49   warning  'lscale' is not defined          no-undef
  702:50   warning  'lscale' is not defined          no-undef
  702:72   warning  'lscale' is not defined          no-undef
  718:38   warning  'lscale' is not defined          no-undef
  718:51   warning  'lscale' is not defined          no-undef
  720:38   warning  'lscale' is not defined          no-undef
  722:38   warning  'lscale' is not defined          no-undef
  722:52   warning  'lscale' is not defined          no-undef

/home/runner/work/exp-energy-band-gap-of-a-semiconductor-iitb/exp-energy-band-gap-of-a-semiconductor-iitb/experiment/simulation/js/pannel.js
   8:7  warning  'Pannel' is defined but never used  no-unused-vars
  76:7  warning  'Table' is defined but never used   no-unused-vars

/home/runner/work/exp-energy-band-gap-of-a-semiconductor-iitb/exp-energy-band-gap-of-a-semiconductor-iitb/experiment/simulation/js/scene.js
   1:7    warning  'Scene' is defined but never used         no-unused-vars
  11:9    warning  'context' is not defined                  no-undef
  11:33   warning  'canvas' is not defined                   no-undef
  11:47   warning  'canvas' is not defined                   no-undef
  27:5    warning  'context' is not defined                  no-undef
  28:9    warning  'grd' is assigned a value but never used  no-unused-vars
  28:15   warning  'context' is not defined                  no-undef
  28:44   warning  'canvas' is not defined                   no-undef
  28:62   warning  'canvas' is not defined                   no-undef
  28:84   warning  'canvas' is not defined                   no-undef
  28:102  warning  'canvas' is not defined                   no-undef
  28:121  warning  'canvas' is not defined                   no-undef
  36:5    warning  'context' is not defined                  no-undef
  37:5    warning  'context' is not defined                  no-undef
  37:28   warning  'canvas' is not defined                   no-undef
  37:42   warning  'canvas' is not defined                   no-undef
  38:5    warning  'context' is not defined                  no-undef
  39:5    warning  'context' is not defined                  no-undef

/home/runner/work/exp-energy-band-gap-of-a-semiconductor-iitb/exp-energy-band-gap-of-a-semiconductor-iitb/experiment/simulation/js/test.js
  2:14  warning  'Pannel' is not defined                     no-undef
  4:5   warning  'table' is assigned a value but never used  no-unused-vars

✖ 382 problems (0 errors, 382 warnings)

